The system is: Linux - 4.12.14-122.60-default - x86_64
Compiling the CXX compiler identification source file "CMakeCXXCompilerId.cpp" succeeded.
Compiler: /p/psg/swip/hld/r/sycl/trunk/20221216/linux64/bin/icpx 
Build flags: 
Id flags: 

The output was:
0


Compilation of the CXX compiler identification source "CMakeCXXCompilerId.cpp" produced "a.out"

The CXX compiler identification is Clang, found in "/nfs/site/disks/swuser_work_yuguen/oneAPIdev/samples2/oneAPI-samples/DirectProgramming/C++SYCL_FPGA/ReferenceDesigns/eigen/b/CMakeFiles/3.7.2/CompilerIdCXX/a.out"

Determining if the CXX compiler works passed with the following output:
Change Dir: /nfs/site/disks/swuser_work_yuguen/oneAPIdev/samples2/oneAPI-samples/DirectProgramming/C++SYCL_FPGA/ReferenceDesigns/eigen/b/CMakeFiles/CMakeTmp

Run Build Command:"/usr/intel/bin/gmake" "cmTC_3209f/fast"
/usr/intel/bin/gmake -f CMakeFiles/cmTC_3209f.dir/build.make CMakeFiles/cmTC_3209f.dir/build
gmake[1]: Entering directory '/nfs/site/disks/swuser_work_yuguen/oneAPIdev/samples2/oneAPI-samples/DirectProgramming/C++SYCL_FPGA/ReferenceDesigns/eigen/b/CMakeFiles/CMakeTmp'
Building CXX object CMakeFiles/cmTC_3209f.dir/testCXXCompiler.cxx.o
/p/psg/swip/hld/r/sycl/trunk/20221216/linux64/bin/icpx      -o CMakeFiles/cmTC_3209f.dir/testCXXCompiler.cxx.o -c /nfs/site/disks/swuser_work_yuguen/oneAPIdev/samples2/oneAPI-samples/DirectProgramming/C++SYCL_FPGA/ReferenceDesigns/eigen/b/CMakeFiles/CMakeTmp/testCXXCompiler.cxx
Linking CXX executable cmTC_3209f
/nfs/site/disks/psg_ctools_1/cmake/3.7.2/linux64/bin/cmake -E cmake_link_script CMakeFiles/cmTC_3209f.dir/link.txt --verbose=1
/p/psg/swip/hld/r/sycl/trunk/20221216/linux64/bin/icpx        CMakeFiles/cmTC_3209f.dir/testCXXCompiler.cxx.o  -o cmTC_3209f 
gmake[1]: Leaving directory '/nfs/site/disks/swuser_work_yuguen/oneAPIdev/samples2/oneAPI-samples/DirectProgramming/C++SYCL_FPGA/ReferenceDesigns/eigen/b/CMakeFiles/CMakeTmp'


Detecting CXX compiler ABI info compiled with the following output:
Change Dir: /nfs/site/disks/swuser_work_yuguen/oneAPIdev/samples2/oneAPI-samples/DirectProgramming/C++SYCL_FPGA/ReferenceDesigns/eigen/b/CMakeFiles/CMakeTmp

Run Build Command:"/usr/intel/bin/gmake" "cmTC_7fb7b/fast"
/usr/intel/bin/gmake -f CMakeFiles/cmTC_7fb7b.dir/build.make CMakeFiles/cmTC_7fb7b.dir/build
gmake[1]: Entering directory '/nfs/site/disks/swuser_work_yuguen/oneAPIdev/samples2/oneAPI-samples/DirectProgramming/C++SYCL_FPGA/ReferenceDesigns/eigen/b/CMakeFiles/CMakeTmp'
Building CXX object CMakeFiles/cmTC_7fb7b.dir/CMakeCXXCompilerABI.cpp.o
/p/psg/swip/hld/r/sycl/trunk/20221216/linux64/bin/icpx      -o CMakeFiles/cmTC_7fb7b.dir/CMakeCXXCompilerABI.cpp.o -c /nfs/site/disks/psg_ctools_1/cmake/3.7.2/linux64/share/cmake-3.7/Modules/CMakeCXXCompilerABI.cpp
Linking CXX executable cmTC_7fb7b
/nfs/site/disks/psg_ctools_1/cmake/3.7.2/linux64/bin/cmake -E cmake_link_script CMakeFiles/cmTC_7fb7b.dir/link.txt --verbose=1
/p/psg/swip/hld/r/sycl/trunk/20221216/linux64/bin/icpx       -v CMakeFiles/cmTC_7fb7b.dir/CMakeCXXCompilerABI.cpp.o  -o cmTC_7fb7b  
Intel(R) oneAPI DPC++/C++ Compiler 2023.1.0 (2023.x.0.20221215)
Target: x86_64-unknown-linux-gnu
Thread model: posix
InstalledDir: /nfs/site/disks/swbld_rel_hld/r/sycl/trunk/20221216/linux64/bin-llvm
Configuration file: /nfs/site/disks/swbld_rel_hld/r/sycl/trunk/20221216/linux64/bin-llvm/../bin/icpx.cfg
Found candidate GCC installation: /p/psg/ctools/gcc/7.4.0/2/linux64/suse12/lib/gcc/x86_64-redhat-linux/7.4.0
Selected GCC installation: /p/psg/ctools/gcc/7.4.0/2/linux64/suse12/lib/gcc/x86_64-redhat-linux/7.4.0
Candidate multilib: .;@m64
Selected multilib: .;@m64
 "/p/psg/ctools/gcc/7.4.0/2/linux64/suse12/lib/gcc/x86_64-redhat-linux/7.4.0/../../../../x86_64-redhat-linux/bin/ld" -z relro --hash-style=both --eh-frame-hdr -m elf_x86_64 -dynamic-linker /lib64/ld-linux-x86-64.so.2 -o cmTC_7fb7b /usr/lib/../lib64/crt1.o /usr/lib/../lib64/crti.o /p/psg/ctools/gcc/7.4.0/2/linux64/suse12/lib/gcc/x86_64-redhat-linux/7.4.0/crtbegin.o -L/nfs/site/disks/swbld_rel_hld/r/sycl/trunk/20221216/linux64/bin-llvm/../compiler/lib/intel64_lin -L/nfs/site/disks/swbld_rel_hld/r/sycl/trunk/20221216/linux64/bin-llvm/../lib -L/nfs/site/disks/swbld_rel_hld/r/sycl/trunk/20221216/linux64/bin-llvm/../compiler/lib/intel64_lin -L/p/psg/ctools/gcc/7.4.0/2/linux64/suse12/lib/gcc/x86_64-redhat-linux/7.4.0 -L/p/psg/ctools/gcc/7.4.0/2/linux64/suse12/lib/gcc/x86_64-redhat-linux/7.4.0/../../../../lib64 -L/lib/../lib64 -L/usr/lib/../lib64 -L/p/psg/ctools/gcc/7.4.0/2/linux64/suse12/lib/gcc/x86_64-redhat-linux/7.4.0/../../../../x86_64-redhat-linux/lib -L/p/psg/ctools/gcc/7.4.0/2/linux64/suse12/lib/gcc/x86_64-redhat-linux/7.4.0/../../.. -L/nfs/site/disks/swbld_rel_hld/r/sycl/trunk/20221216/linux64/bin-llvm/../lib -L/lib -L/usr/lib -L/p/psg/swip/hld/r/sycl/trunk/20221216/linux64/lib CMakeFiles/cmTC_7fb7b.dir/CMakeCXXCompilerABI.cpp.o -Bstatic -lsvml -Bdynamic -Bstatic -lirng -Bdynamic -lstdc++ -Bstatic -limf -Bdynamic -lm -lgcc_s -lgcc -Bstatic -lirc -Bdynamic -ldl -lgcc_s -lgcc -lc -lgcc_s -lgcc -Bstatic -lirc_s -Bdynamic /p/psg/ctools/gcc/7.4.0/2/linux64/suse12/lib/gcc/x86_64-redhat-linux/7.4.0/crtend.o /usr/lib/../lib64/crtn.o
gmake[1]: Leaving directory '/nfs/site/disks/swuser_work_yuguen/oneAPIdev/samples2/oneAPI-samples/DirectProgramming/C++SYCL_FPGA/ReferenceDesigns/eigen/b/CMakeFiles/CMakeTmp'


Parsed CXX implicit link information from above output:
  link line regex: [^( *|.*[/\])(ld|([^/\]+-)?ld|collect2)[^/\]*( |$)]
  ignore line: [Change Dir: /nfs/site/disks/swuser_work_yuguen/oneAPIdev/samples2/oneAPI-samples/DirectProgramming/C++SYCL_FPGA/ReferenceDesigns/eigen/b/CMakeFiles/CMakeTmp]
  ignore line: []
  ignore line: [Run Build Command:"/usr/intel/bin/gmake" "cmTC_7fb7b/fast"]
  ignore line: [/usr/intel/bin/gmake -f CMakeFiles/cmTC_7fb7b.dir/build.make CMakeFiles/cmTC_7fb7b.dir/build]
  ignore line: [gmake[1]: Entering directory '/nfs/site/disks/swuser_work_yuguen/oneAPIdev/samples2/oneAPI-samples/DirectProgramming/C++SYCL_FPGA/ReferenceDesigns/eigen/b/CMakeFiles/CMakeTmp']
  ignore line: [Building CXX object CMakeFiles/cmTC_7fb7b.dir/CMakeCXXCompilerABI.cpp.o]
  ignore line: [/p/psg/swip/hld/r/sycl/trunk/20221216/linux64/bin/icpx      -o CMakeFiles/cmTC_7fb7b.dir/CMakeCXXCompilerABI.cpp.o -c /nfs/site/disks/psg_ctools_1/cmake/3.7.2/linux64/share/cmake-3.7/Modules/CMakeCXXCompilerABI.cpp]
  ignore line: [Linking CXX executable cmTC_7fb7b]
  ignore line: [/nfs/site/disks/psg_ctools_1/cmake/3.7.2/linux64/bin/cmake -E cmake_link_script CMakeFiles/cmTC_7fb7b.dir/link.txt --verbose=1]
  ignore line: [/p/psg/swip/hld/r/sycl/trunk/20221216/linux64/bin/icpx       -v CMakeFiles/cmTC_7fb7b.dir/CMakeCXXCompilerABI.cpp.o  -o cmTC_7fb7b  ]
  ignore line: [Intel(R) oneAPI DPC++/C++ Compiler 2023.1.0 (2023.x.0.20221215)]
  ignore line: [Target: x86_64-unknown-linux-gnu]
  ignore line: [Thread model: posix]
  ignore line: [InstalledDir: /nfs/site/disks/swbld_rel_hld/r/sycl/trunk/20221216/linux64/bin-llvm]
  ignore line: [Configuration file: /nfs/site/disks/swbld_rel_hld/r/sycl/trunk/20221216/linux64/bin-llvm/../bin/icpx.cfg]
  ignore line: [Found candidate GCC installation: /p/psg/ctools/gcc/7.4.0/2/linux64/suse12/lib/gcc/x86_64-redhat-linux/7.4.0]
  ignore line: [Selected GCC installation: /p/psg/ctools/gcc/7.4.0/2/linux64/suse12/lib/gcc/x86_64-redhat-linux/7.4.0]
  ignore line: [Candidate multilib: .]
  ignore line: [@m64]
  ignore line: [Selected multilib: .]
  ignore line: [@m64]
  link line: [ "/p/psg/ctools/gcc/7.4.0/2/linux64/suse12/lib/gcc/x86_64-redhat-linux/7.4.0/../../../../x86_64-redhat-linux/bin/ld" -z relro --hash-style=both --eh-frame-hdr -m elf_x86_64 -dynamic-linker /lib64/ld-linux-x86-64.so.2 -o cmTC_7fb7b /usr/lib/../lib64/crt1.o /usr/lib/../lib64/crti.o /p/psg/ctools/gcc/7.4.0/2/linux64/suse12/lib/gcc/x86_64-redhat-linux/7.4.0/crtbegin.o -L/nfs/site/disks/swbld_rel_hld/r/sycl/trunk/20221216/linux64/bin-llvm/../compiler/lib/intel64_lin -L/nfs/site/disks/swbld_rel_hld/r/sycl/trunk/20221216/linux64/bin-llvm/../lib -L/nfs/site/disks/swbld_rel_hld/r/sycl/trunk/20221216/linux64/bin-llvm/../compiler/lib/intel64_lin -L/p/psg/ctools/gcc/7.4.0/2/linux64/suse12/lib/gcc/x86_64-redhat-linux/7.4.0 -L/p/psg/ctools/gcc/7.4.0/2/linux64/suse12/lib/gcc/x86_64-redhat-linux/7.4.0/../../../../lib64 -L/lib/../lib64 -L/usr/lib/../lib64 -L/p/psg/ctools/gcc/7.4.0/2/linux64/suse12/lib/gcc/x86_64-redhat-linux/7.4.0/../../../../x86_64-redhat-linux/lib -L/p/psg/ctools/gcc/7.4.0/2/linux64/suse12/lib/gcc/x86_64-redhat-linux/7.4.0/../../.. -L/nfs/site/disks/swbld_rel_hld/r/sycl/trunk/20221216/linux64/bin-llvm/../lib -L/lib -L/usr/lib -L/p/psg/swip/hld/r/sycl/trunk/20221216/linux64/lib CMakeFiles/cmTC_7fb7b.dir/CMakeCXXCompilerABI.cpp.o -Bstatic -lsvml -Bdynamic -Bstatic -lirng -Bdynamic -lstdc++ -Bstatic -limf -Bdynamic -lm -lgcc_s -lgcc -Bstatic -lirc -Bdynamic -ldl -lgcc_s -lgcc -lc -lgcc_s -lgcc -Bstatic -lirc_s -Bdynamic /p/psg/ctools/gcc/7.4.0/2/linux64/suse12/lib/gcc/x86_64-redhat-linux/7.4.0/crtend.o /usr/lib/../lib64/crtn.o]
    arg [/p/psg/ctools/gcc/7.4.0/2/linux64/suse12/lib/gcc/x86_64-redhat-linux/7.4.0/../../../../x86_64-redhat-linux/bin/ld] ==> ignore
    arg [-zrelro] ==> ignore
    arg [--hash-style=both] ==> ignore
    arg [--eh-frame-hdr] ==> ignore
    arg [-m] ==> ignore
    arg [elf_x86_64] ==> ignore
    arg [-dynamic-linker] ==> ignore
    arg [/lib64/ld-linux-x86-64.so.2] ==> ignore
    arg [-o] ==> ignore
    arg [cmTC_7fb7b] ==> ignore
    arg [/usr/lib/../lib64/crt1.o] ==> ignore
    arg [/usr/lib/../lib64/crti.o] ==> ignore
    arg [/p/psg/ctools/gcc/7.4.0/2/linux64/suse12/lib/gcc/x86_64-redhat-linux/7.4.0/crtbegin.o] ==> ignore
    arg [-L/nfs/site/disks/swbld_rel_hld/r/sycl/trunk/20221216/linux64/bin-llvm/../compiler/lib/intel64_lin] ==> dir [/nfs/site/disks/swbld_rel_hld/r/sycl/trunk/20221216/linux64/bin-llvm/../compiler/lib/intel64_lin]
    arg [-L/nfs/site/disks/swbld_rel_hld/r/sycl/trunk/20221216/linux64/bin-llvm/../lib] ==> dir [/nfs/site/disks/swbld_rel_hld/r/sycl/trunk/20221216/linux64/bin-llvm/../lib]
    arg [-L/nfs/site/disks/swbld_rel_hld/r/sycl/trunk/20221216/linux64/bin-llvm/../compiler/lib/intel64_lin] ==> dir [/nfs/site/disks/swbld_rel_hld/r/sycl/trunk/20221216/linux64/bin-llvm/../compiler/lib/intel64_lin]
    arg [-L/p/psg/ctools/gcc/7.4.0/2/linux64/suse12/lib/gcc/x86_64-redhat-linux/7.4.0] ==> dir [/p/psg/ctools/gcc/7.4.0/2/linux64/suse12/lib/gcc/x86_64-redhat-linux/7.4.0]
    arg [-L/p/psg/ctools/gcc/7.4.0/2/linux64/suse12/lib/gcc/x86_64-redhat-linux/7.4.0/../../../../lib64] ==> dir [/p/psg/ctools/gcc/7.4.0/2/linux64/suse12/lib/gcc/x86_64-redhat-linux/7.4.0/../../../../lib64]
    arg [-L/lib/../lib64] ==> dir [/lib/../lib64]
    arg [-L/usr/lib/../lib64] ==> dir [/usr/lib/../lib64]
    arg [-L/p/psg/ctools/gcc/7.4.0/2/linux64/suse12/lib/gcc/x86_64-redhat-linux/7.4.0/../../../../x86_64-redhat-linux/lib] ==> dir [/p/psg/ctools/gcc/7.4.0/2/linux64/suse12/lib/gcc/x86_64-redhat-linux/7.4.0/../../../../x86_64-redhat-linux/lib]
    arg [-L/p/psg/ctools/gcc/7.4.0/2/linux64/suse12/lib/gcc/x86_64-redhat-linux/7.4.0/../../..] ==> dir [/p/psg/ctools/gcc/7.4.0/2/linux64/suse12/lib/gcc/x86_64-redhat-linux/7.4.0/../../..]
    arg [-L/nfs/site/disks/swbld_rel_hld/r/sycl/trunk/20221216/linux64/bin-llvm/../lib] ==> dir [/nfs/site/disks/swbld_rel_hld/r/sycl/trunk/20221216/linux64/bin-llvm/../lib]
    arg [-L/lib] ==> dir [/lib]
    arg [-L/usr/lib] ==> dir [/usr/lib]
    arg [-L/p/psg/swip/hld/r/sycl/trunk/20221216/linux64/lib] ==> dir [/p/psg/swip/hld/r/sycl/trunk/20221216/linux64/lib]
    arg [CMakeFiles/cmTC_7fb7b.dir/CMakeCXXCompilerABI.cpp.o] ==> ignore
    arg [-Bstatic] ==> ignore
    arg [-lsvml] ==> lib [svml]
    arg [-Bdynamic] ==> ignore
    arg [-Bstatic] ==> ignore
    arg [-lirng] ==> lib [irng]
    arg [-Bdynamic] ==> ignore
    arg [-lstdc++] ==> lib [stdc++]
    arg [-Bstatic] ==> ignore
    arg [-limf] ==> lib [imf]
    arg [-Bdynamic] ==> ignore
    arg [-lm] ==> lib [m]
    arg [-lgcc_s] ==> lib [gcc_s]
    arg [-lgcc] ==> lib [gcc]
    arg [-Bstatic] ==> ignore
    arg [-lirc] ==> lib [irc]
    arg [-Bdynamic] ==> ignore
    arg [-ldl] ==> lib [dl]
    arg [-lgcc_s] ==> lib [gcc_s]
    arg [-lgcc] ==> lib [gcc]
    arg [-lc] ==> lib [c]
    arg [-lgcc_s] ==> lib [gcc_s]
    arg [-lgcc] ==> lib [gcc]
    arg [-Bstatic] ==> ignore
    arg [-lirc_s] ==> lib [irc_s]
    arg [-Bdynamic] ==> ignore
    arg [/p/psg/ctools/gcc/7.4.0/2/linux64/suse12/lib/gcc/x86_64-redhat-linux/7.4.0/crtend.o] ==> ignore
    arg [/usr/lib/../lib64/crtn.o] ==> ignore
  remove lib [gcc_s]
  remove lib [gcc]
  remove lib [gcc_s]
  remove lib [gcc]
  remove lib [gcc_s]
  remove lib [gcc]
  collapse library dir [/nfs/site/disks/swbld_rel_hld/r/sycl/trunk/20221216/linux64/bin-llvm/../compiler/lib/intel64_lin] ==> [/nfs/site/disks/swbld_rel_hld/r/sycl/trunk/20221216/linux64/compiler/lib/intel64_lin]
  collapse library dir [/nfs/site/disks/swbld_rel_hld/r/sycl/trunk/20221216/linux64/bin-llvm/../lib] ==> [/nfs/site/disks/swbld_rel_hld/r/sycl/trunk/20221216/linux64/lib]
  collapse library dir [/nfs/site/disks/swbld_rel_hld/r/sycl/trunk/20221216/linux64/bin-llvm/../compiler/lib/intel64_lin] ==> [/nfs/site/disks/swbld_rel_hld/r/sycl/trunk/20221216/linux64/compiler/lib/intel64_lin]
  collapse library dir [/p/psg/ctools/gcc/7.4.0/2/linux64/suse12/lib/gcc/x86_64-redhat-linux/7.4.0] ==> [/p/psg/ctools/gcc/7.4.0/2/linux64/suse12/lib/gcc/x86_64-redhat-linux/7.4.0]
  collapse library dir [/p/psg/ctools/gcc/7.4.0/2/linux64/suse12/lib/gcc/x86_64-redhat-linux/7.4.0/../../../../lib64] ==> [/p/psg/ctools/gcc/7.4.0/2/linux64/suse12/lib64]
  collapse library dir [/lib/../lib64] ==> [/lib64]
  collapse library dir [/usr/lib/../lib64] ==> [/usr/lib64]
  collapse library dir [/p/psg/ctools/gcc/7.4.0/2/linux64/suse12/lib/gcc/x86_64-redhat-linux/7.4.0/../../../../x86_64-redhat-linux/lib] ==> [/p/psg/ctools/gcc/7.4.0/2/linux64/suse12/x86_64-redhat-linux/lib]
  collapse library dir [/p/psg/ctools/gcc/7.4.0/2/linux64/suse12/lib/gcc/x86_64-redhat-linux/7.4.0/../../..] ==> [/p/psg/ctools/gcc/7.4.0/2/linux64/suse12/lib]
  collapse library dir [/nfs/site/disks/swbld_rel_hld/r/sycl/trunk/20221216/linux64/bin-llvm/../lib] ==> [/nfs/site/disks/swbld_rel_hld/r/sycl/trunk/20221216/linux64/lib]
  collapse library dir [/lib] ==> [/lib]
  collapse library dir [/usr/lib] ==> [/usr/lib]
  collapse library dir [/p/psg/swip/hld/r/sycl/trunk/20221216/linux64/lib] ==> [/p/psg/swip/hld/r/sycl/trunk/20221216/linux64/lib]
  implicit libs: [svml;irng;stdc++;imf;m;irc;dl;c;irc_s]
  implicit dirs: [/nfs/site/disks/swbld_rel_hld/r/sycl/trunk/20221216/linux64/compiler/lib/intel64_lin;/nfs/site/disks/swbld_rel_hld/r/sycl/trunk/20221216/linux64/lib;/p/psg/ctools/gcc/7.4.0/2/linux64/suse12/lib/gcc/x86_64-redhat-linux/7.4.0;/p/psg/ctools/gcc/7.4.0/2/linux64/suse12/lib64;/lib64;/usr/lib64;/p/psg/ctools/gcc/7.4.0/2/linux64/suse12/x86_64-redhat-linux/lib;/p/psg/ctools/gcc/7.4.0/2/linux64/suse12/lib;/lib;/usr/lib;/p/psg/swip/hld/r/sycl/trunk/20221216/linux64/lib]
  implicit fwks: []




Detecting CXX [-std=c++14] compiler features compiled with the following output:
Change Dir: /nfs/site/disks/swuser_work_yuguen/oneAPIdev/samples2/oneAPI-samples/DirectProgramming/C++SYCL_FPGA/ReferenceDesigns/eigen/b/CMakeFiles/CMakeTmp

Run Build Command:"/usr/intel/bin/gmake" "cmTC_1e9ab/fast"
/usr/intel/bin/gmake -f CMakeFiles/cmTC_1e9ab.dir/build.make CMakeFiles/cmTC_1e9ab.dir/build
gmake[1]: Entering directory '/nfs/site/disks/swuser_work_yuguen/oneAPIdev/samples2/oneAPI-samples/DirectProgramming/C++SYCL_FPGA/ReferenceDesigns/eigen/b/CMakeFiles/CMakeTmp'
Building CXX object CMakeFiles/cmTC_1e9ab.dir/feature_tests.cxx.o
/p/psg/swip/hld/r/sycl/trunk/20221216/linux64/bin/icpx     -std=c++14 -o CMakeFiles/cmTC_1e9ab.dir/feature_tests.cxx.o -c /nfs/site/disks/swuser_work_yuguen/oneAPIdev/samples2/oneAPI-samples/DirectProgramming/C++SYCL_FPGA/ReferenceDesigns/eigen/b/CMakeFiles/feature_tests.cxx
Linking CXX executable cmTC_1e9ab
/nfs/site/disks/psg_ctools_1/cmake/3.7.2/linux64/bin/cmake -E cmake_link_script CMakeFiles/cmTC_1e9ab.dir/link.txt --verbose=1
/p/psg/swip/hld/r/sycl/trunk/20221216/linux64/bin/icpx        CMakeFiles/cmTC_1e9ab.dir/feature_tests.cxx.o  -o cmTC_1e9ab 
gmake[1]: Leaving directory '/nfs/site/disks/swuser_work_yuguen/oneAPIdev/samples2/oneAPI-samples/DirectProgramming/C++SYCL_FPGA/ReferenceDesigns/eigen/b/CMakeFiles/CMakeTmp'


    Feature record: CXX_FEATURE:1cxx_aggregate_default_initializers
    Feature record: CXX_FEATURE:1cxx_alias_templates
    Feature record: CXX_FEATURE:1cxx_alignas
    Feature record: CXX_FEATURE:1cxx_alignof
    Feature record: CXX_FEATURE:1cxx_attributes
    Feature record: CXX_FEATURE:1cxx_attribute_deprecated
    Feature record: CXX_FEATURE:1cxx_auto_type
    Feature record: CXX_FEATURE:1cxx_binary_literals
    Feature record: CXX_FEATURE:1cxx_constexpr
    Feature record: CXX_FEATURE:1cxx_contextual_conversions
    Feature record: CXX_FEATURE:1cxx_decltype
    Feature record: CXX_FEATURE:1cxx_decltype_auto
    Feature record: CXX_FEATURE:1cxx_decltype_incomplete_return_types
    Feature record: CXX_FEATURE:1cxx_default_function_template_args
    Feature record: CXX_FEATURE:1cxx_defaulted_functions
    Feature record: CXX_FEATURE:1cxx_defaulted_move_initializers
    Feature record: CXX_FEATURE:1cxx_delegating_constructors
    Feature record: CXX_FEATURE:1cxx_deleted_functions
    Feature record: CXX_FEATURE:1cxx_digit_separators
    Feature record: CXX_FEATURE:1cxx_enum_forward_declarations
    Feature record: CXX_FEATURE:1cxx_explicit_conversions
    Feature record: CXX_FEATURE:1cxx_extended_friend_declarations
    Feature record: CXX_FEATURE:1cxx_extern_templates
    Feature record: CXX_FEATURE:1cxx_final
    Feature record: CXX_FEATURE:1cxx_func_identifier
    Feature record: CXX_FEATURE:1cxx_generalized_initializers
    Feature record: CXX_FEATURE:1cxx_generic_lambdas
    Feature record: CXX_FEATURE:1cxx_inheriting_constructors
    Feature record: CXX_FEATURE:1cxx_inline_namespaces
    Feature record: CXX_FEATURE:1cxx_lambdas
    Feature record: CXX_FEATURE:1cxx_lambda_init_captures
    Feature record: CXX_FEATURE:1cxx_local_type_template_args
    Feature record: CXX_FEATURE:1cxx_long_long_type
    Feature record: CXX_FEATURE:1cxx_noexcept
    Feature record: CXX_FEATURE:1cxx_nonstatic_member_init
    Feature record: CXX_FEATURE:1cxx_nullptr
    Feature record: CXX_FEATURE:1cxx_override
    Feature record: CXX_FEATURE:1cxx_range_for
    Feature record: CXX_FEATURE:1cxx_raw_string_literals
    Feature record: CXX_FEATURE:1cxx_reference_qualified_functions
    Feature record: CXX_FEATURE:1cxx_relaxed_constexpr
    Feature record: CXX_FEATURE:1cxx_return_type_deduction
    Feature record: CXX_FEATURE:1cxx_right_angle_brackets
    Feature record: CXX_FEATURE:1cxx_rvalue_references
    Feature record: CXX_FEATURE:1cxx_sizeof_member
    Feature record: CXX_FEATURE:1cxx_static_assert
    Feature record: CXX_FEATURE:1cxx_strong_enums
    Feature record: CXX_FEATURE:1cxx_template_template_parameters
    Feature record: CXX_FEATURE:1cxx_thread_local
    Feature record: CXX_FEATURE:1cxx_trailing_return_types
    Feature record: CXX_FEATURE:1cxx_unicode_literals
    Feature record: CXX_FEATURE:1cxx_uniform_initialization
    Feature record: CXX_FEATURE:1cxx_unrestricted_unions
    Feature record: CXX_FEATURE:1cxx_user_literals
    Feature record: CXX_FEATURE:1cxx_variable_templates
    Feature record: CXX_FEATURE:1cxx_variadic_macros
    Feature record: CXX_FEATURE:1cxx_variadic_templates


Detecting CXX [-std=c++11] compiler features compiled with the following output:
Change Dir: /nfs/site/disks/swuser_work_yuguen/oneAPIdev/samples2/oneAPI-samples/DirectProgramming/C++SYCL_FPGA/ReferenceDesigns/eigen/b/CMakeFiles/CMakeTmp

Run Build Command:"/usr/intel/bin/gmake" "cmTC_397a3/fast"
/usr/intel/bin/gmake -f CMakeFiles/cmTC_397a3.dir/build.make CMakeFiles/cmTC_397a3.dir/build
gmake[1]: Entering directory '/nfs/site/disks/swuser_work_yuguen/oneAPIdev/samples2/oneAPI-samples/DirectProgramming/C++SYCL_FPGA/ReferenceDesigns/eigen/b/CMakeFiles/CMakeTmp'
Building CXX object CMakeFiles/cmTC_397a3.dir/feature_tests.cxx.o
/p/psg/swip/hld/r/sycl/trunk/20221216/linux64/bin/icpx     -std=c++11 -o CMakeFiles/cmTC_397a3.dir/feature_tests.cxx.o -c /nfs/site/disks/swuser_work_yuguen/oneAPIdev/samples2/oneAPI-samples/DirectProgramming/C++SYCL_FPGA/ReferenceDesigns/eigen/b/CMakeFiles/feature_tests.cxx
Linking CXX executable cmTC_397a3
/nfs/site/disks/psg_ctools_1/cmake/3.7.2/linux64/bin/cmake -E cmake_link_script CMakeFiles/cmTC_397a3.dir/link.txt --verbose=1
/p/psg/swip/hld/r/sycl/trunk/20221216/linux64/bin/icpx        CMakeFiles/cmTC_397a3.dir/feature_tests.cxx.o  -o cmTC_397a3 
gmake[1]: Leaving directory '/nfs/site/disks/swuser_work_yuguen/oneAPIdev/samples2/oneAPI-samples/DirectProgramming/C++SYCL_FPGA/ReferenceDesigns/eigen/b/CMakeFiles/CMakeTmp'


    Feature record: CXX_FEATURE:0cxx_aggregate_default_initializers
    Feature record: CXX_FEATURE:1cxx_alias_templates
    Feature record: CXX_FEATURE:1cxx_alignas
    Feature record: CXX_FEATURE:1cxx_alignof
    Feature record: CXX_FEATURE:1cxx_attributes
    Feature record: CXX_FEATURE:0cxx_attribute_deprecated
    Feature record: CXX_FEATURE:1cxx_auto_type
    Feature record: CXX_FEATURE:0cxx_binary_literals
    Feature record: CXX_FEATURE:1cxx_constexpr
    Feature record: CXX_FEATURE:0cxx_contextual_conversions
    Feature record: CXX_FEATURE:1cxx_decltype
    Feature record: CXX_FEATURE:0cxx_decltype_auto
    Feature record: CXX_FEATURE:1cxx_decltype_incomplete_return_types
    Feature record: CXX_FEATURE:1cxx_default_function_template_args
    Feature record: CXX_FEATURE:1cxx_defaulted_functions
    Feature record: CXX_FEATURE:1cxx_defaulted_move_initializers
    Feature record: CXX_FEATURE:1cxx_delegating_constructors
    Feature record: CXX_FEATURE:1cxx_deleted_functions
    Feature record: CXX_FEATURE:0cxx_digit_separators
    Feature record: CXX_FEATURE:1cxx_enum_forward_declarations
    Feature record: CXX_FEATURE:1cxx_explicit_conversions
    Feature record: CXX_FEATURE:1cxx_extended_friend_declarations
    Feature record: CXX_FEATURE:1cxx_extern_templates
    Feature record: CXX_FEATURE:1cxx_final
    Feature record: CXX_FEATURE:1cxx_func_identifier
    Feature record: CXX_FEATURE:1cxx_generalized_initializers
    Feature record: CXX_FEATURE:0cxx_generic_lambdas
    Feature record: CXX_FEATURE:1cxx_inheriting_constructors
    Feature record: CXX_FEATURE:1cxx_inline_namespaces
    Feature record: CXX_FEATURE:1cxx_lambdas
    Feature record: CXX_FEATURE:0cxx_lambda_init_captures
    Feature record: CXX_FEATURE:1cxx_local_type_template_args
    Feature record: CXX_FEATURE:1cxx_long_long_type
    Feature record: CXX_FEATURE:1cxx_noexcept
    Feature record: CXX_FEATURE:1cxx_nonstatic_member_init
    Feature record: CXX_FEATURE:1cxx_nullptr
    Feature record: CXX_FEATURE:1cxx_override
    Feature record: CXX_FEATURE:1cxx_range_for
    Feature record: CXX_FEATURE:1cxx_raw_string_literals
    Feature record: CXX_FEATURE:1cxx_reference_qualified_functions
    Feature record: CXX_FEATURE:0cxx_relaxed_constexpr
    Feature record: CXX_FEATURE:0cxx_return_type_deduction
    Feature record: CXX_FEATURE:1cxx_right_angle_brackets
    Feature record: CXX_FEATURE:1cxx_rvalue_references
    Feature record: CXX_FEATURE:1cxx_sizeof_member
    Feature record: CXX_FEATURE:1cxx_static_assert
    Feature record: CXX_FEATURE:1cxx_strong_enums
    Feature record: CXX_FEATURE:1cxx_template_template_parameters
    Feature record: CXX_FEATURE:1cxx_thread_local
    Feature record: CXX_FEATURE:1cxx_trailing_return_types
    Feature record: CXX_FEATURE:1cxx_unicode_literals
    Feature record: CXX_FEATURE:1cxx_uniform_initialization
    Feature record: CXX_FEATURE:1cxx_unrestricted_unions
    Feature record: CXX_FEATURE:1cxx_user_literals
    Feature record: CXX_FEATURE:0cxx_variable_templates
    Feature record: CXX_FEATURE:1cxx_variadic_macros
    Feature record: CXX_FEATURE:1cxx_variadic_templates


Detecting CXX [-std=c++98] compiler features compiled with the following output:
Change Dir: /nfs/site/disks/swuser_work_yuguen/oneAPIdev/samples2/oneAPI-samples/DirectProgramming/C++SYCL_FPGA/ReferenceDesigns/eigen/b/CMakeFiles/CMakeTmp

Run Build Command:"/usr/intel/bin/gmake" "cmTC_c5ddc/fast"
/usr/intel/bin/gmake -f CMakeFiles/cmTC_c5ddc.dir/build.make CMakeFiles/cmTC_c5ddc.dir/build
gmake[1]: Entering directory '/nfs/site/disks/swuser_work_yuguen/oneAPIdev/samples2/oneAPI-samples/DirectProgramming/C++SYCL_FPGA/ReferenceDesigns/eigen/b/CMakeFiles/CMakeTmp'
Building CXX object CMakeFiles/cmTC_c5ddc.dir/feature_tests.cxx.o
/p/psg/swip/hld/r/sycl/trunk/20221216/linux64/bin/icpx     -std=c++98 -o CMakeFiles/cmTC_c5ddc.dir/feature_tests.cxx.o -c /nfs/site/disks/swuser_work_yuguen/oneAPIdev/samples2/oneAPI-samples/DirectProgramming/C++SYCL_FPGA/ReferenceDesigns/eigen/b/CMakeFiles/feature_tests.cxx
Linking CXX executable cmTC_c5ddc
/nfs/site/disks/psg_ctools_1/cmake/3.7.2/linux64/bin/cmake -E cmake_link_script CMakeFiles/cmTC_c5ddc.dir/link.txt --verbose=1
/p/psg/swip/hld/r/sycl/trunk/20221216/linux64/bin/icpx        CMakeFiles/cmTC_c5ddc.dir/feature_tests.cxx.o  -o cmTC_c5ddc 
gmake[1]: Leaving directory '/nfs/site/disks/swuser_work_yuguen/oneAPIdev/samples2/oneAPI-samples/DirectProgramming/C++SYCL_FPGA/ReferenceDesigns/eigen/b/CMakeFiles/CMakeTmp'


    Feature record: CXX_FEATURE:0cxx_aggregate_default_initializers
    Feature record: CXX_FEATURE:0cxx_alias_templates
    Feature record: CXX_FEATURE:0cxx_alignas
    Feature record: CXX_FEATURE:0cxx_alignof
    Feature record: CXX_FEATURE:0cxx_attributes
    Feature record: CXX_FEATURE:0cxx_attribute_deprecated
    Feature record: CXX_FEATURE:0cxx_auto_type
    Feature record: CXX_FEATURE:0cxx_binary_literals
    Feature record: CXX_FEATURE:0cxx_constexpr
    Feature record: CXX_FEATURE:0cxx_contextual_conversions
    Feature record: CXX_FEATURE:0cxx_decltype
    Feature record: CXX_FEATURE:0cxx_decltype_auto
    Feature record: CXX_FEATURE:0cxx_decltype_incomplete_return_types
    Feature record: CXX_FEATURE:0cxx_default_function_template_args
    Feature record: CXX_FEATURE:0cxx_defaulted_functions
    Feature record: CXX_FEATURE:0cxx_defaulted_move_initializers
    Feature record: CXX_FEATURE:0cxx_delegating_constructors
    Feature record: CXX_FEATURE:0cxx_deleted_functions
    Feature record: CXX_FEATURE:0cxx_digit_separators
    Feature record: CXX_FEATURE:0cxx_enum_forward_declarations
    Feature record: CXX_FEATURE:0cxx_explicit_conversions
    Feature record: CXX_FEATURE:0cxx_extended_friend_declarations
    Feature record: CXX_FEATURE:0cxx_extern_templates
    Feature record: CXX_FEATURE:0cxx_final
    Feature record: CXX_FEATURE:0cxx_func_identifier
    Feature record: CXX_FEATURE:0cxx_generalized_initializers
    Feature record: CXX_FEATURE:0cxx_generic_lambdas
    Feature record: CXX_FEATURE:0cxx_inheriting_constructors
    Feature record: CXX_FEATURE:0cxx_inline_namespaces
    Feature record: CXX_FEATURE:0cxx_lambdas
    Feature record: CXX_FEATURE:0cxx_lambda_init_captures
    Feature record: CXX_FEATURE:0cxx_local_type_template_args
    Feature record: CXX_FEATURE:0cxx_long_long_type
    Feature record: CXX_FEATURE:0cxx_noexcept
    Feature record: CXX_FEATURE:0cxx_nonstatic_member_init
    Feature record: CXX_FEATURE:0cxx_nullptr
    Feature record: CXX_FEATURE:0cxx_override
    Feature record: CXX_FEATURE:0cxx_range_for
    Feature record: CXX_FEATURE:0cxx_raw_string_literals
    Feature record: CXX_FEATURE:0cxx_reference_qualified_functions
    Feature record: CXX_FEATURE:0cxx_relaxed_constexpr
    Feature record: CXX_FEATURE:0cxx_return_type_deduction
    Feature record: CXX_FEATURE:0cxx_right_angle_brackets
    Feature record: CXX_FEATURE:0cxx_rvalue_references
    Feature record: CXX_FEATURE:0cxx_sizeof_member
    Feature record: CXX_FEATURE:0cxx_static_assert
    Feature record: CXX_FEATURE:0cxx_strong_enums
    Feature record: CXX_FEATURE:1cxx_template_template_parameters
    Feature record: CXX_FEATURE:0cxx_thread_local
    Feature record: CXX_FEATURE:0cxx_trailing_return_types
    Feature record: CXX_FEATURE:0cxx_unicode_literals
    Feature record: CXX_FEATURE:0cxx_uniform_initialization
    Feature record: CXX_FEATURE:0cxx_unrestricted_unions
    Feature record: CXX_FEATURE:0cxx_user_literals
    Feature record: CXX_FEATURE:0cxx_variable_templates
    Feature record: CXX_FEATURE:0cxx_variadic_macros
    Feature record: CXX_FEATURE:0cxx_variadic_templates
